<?xml version="1.0" encoding="UTF-8"?>
<!-- Generated by org.testng.reporters.JUnitReportReporter -->
<testsuite skipped="0" hostname="Lenovo-PC" name="scripts.TestMethods" tests="4" failures="0" timestamp="02 Jun 2019 11:20:17 GMT" time="0.021" errors="0">
  <testcase name="test2" time="0.010" classname="scripts.TestMethods"/>
  <testcase name="test2" time="0.003" classname="scripts.TestMethods"/>
  <testcase name="test1" time="0.003" classname="scripts.TestMethods"/>
  <testcase name="test1" time="0.005" classname="scripts.TestMethods"/>
</testsuite> <!-- scripts.TestMethods -->
