<?xml version="1.0" encoding="UTF-8"?>
<!-- Generated by org.testng.reporters.JUnitReportReporter -->
<testsuite skipped="0" hostname="Lenovo-PC" name="scripts.LoginTest" tests="4" failures="0" timestamp="02 Jun 2019 11:20:17 GMT" time="0.051" errors="0">
  <testcase name="test1" time="0.003" classname="scripts.LoginTest"/>
  <testcase name="test2" time="0.007" classname="scripts.LoginTest"/>
  <testcase name="test1" time="0.037" classname="scripts.LoginTest"/>
  <testcase name="test2" time="0.004" classname="scripts.LoginTest"/>
</testsuite> <!-- scripts.LoginTest -->
