<?xml version="1.0" encoding="UTF-8"?>
<!-- Generated by org.testng.reporters.JUnitReportReporter -->
<testsuite skipped="0" hostname="Lenovo-PC" name="scripts.LoginTest" tests="4" failures="0" timestamp="11 May 2019 12:52:31 GMT" time="13.986" errors="0">
  <testcase name="test2" time="1.950" classname="scripts.LoginTest"/>
  <testcase name="test1" time="2.023" classname="scripts.LoginTest"/>
  <testcase name="test2" time="4.764" classname="scripts.LoginTest"/>
  <testcase name="test1" time="5.249" classname="scripts.LoginTest"/>
</testsuite> <!-- scripts.LoginTest -->
