<?xml version="1.0" encoding="UTF-8"?>
<!-- Generated by org.testng.reporters.JUnitReportReporter -->
<testsuite skipped="0" hostname="Lenovo-PC" name="scripts.LoginTest" tests="4" failures="0" timestamp="11 May 2019 14:51:12 GMT" time="0.003" errors="0">
  <testcase name="test1" time="0.000" classname="scripts.LoginTest"/>
  <testcase name="test2" time="0.000" classname="scripts.LoginTest"/>
  <testcase name="test2" time="0.000" classname="scripts.LoginTest"/>
  <testcase name="test1" time="0.003" classname="scripts.LoginTest"/>
</testsuite> <!-- scripts.LoginTest -->
