<?xml version="1.0" encoding="UTF-8"?>
<!-- Generated by org.testng.reporters.JUnitReportReporter -->
<testsuite hostname="Lenovo-PC" name="Base.BaseTest" tests="1" failures="0" timestamp="27 Apr 2019 13:40:08 GMT" time="0.012" errors="0">
  <testcase name="test1" time="0.012" classname="Base.BaseTest"/>
</testsuite> <!-- Base.BaseTest -->
