<?xml version="1.0" encoding="UTF-8"?>
<!-- Generated by org.testng.reporters.JUnitReportReporter -->
<testsuite skipped="0" hostname="Lenovo-PC" name="scripts.TestMethods" tests="4" failures="0" timestamp="02 Jun 2019 11:37:40 GMT" time="0.023" errors="0">
  <testcase name="test2" time="0.001" classname="scripts.TestMethods"/>
  <testcase name="test1" time="0.016" classname="scripts.TestMethods"/>
  <testcase name="test2" time="0.004" classname="scripts.TestMethods"/>
  <testcase name="test1" time="0.002" classname="scripts.TestMethods"/>
</testsuite> <!-- scripts.TestMethods -->
